<?xml version="1.0" encoding="UTF-8"?>
<testsuite xmlns:xsi="http://www.w3.org/2001/XMLSchema-instance" xsi:noNamespaceSchemaLocation="https://maven.apache.org/surefire/maven-surefire-plugin/xsd/surefire-test-report.xsd" version="3.0.2" name="com.pancomido.pancomido.serviceAdministrador.AdminServiceTest" time="1.817" tests="6" errors="0" skipped="0" failures="0">
  <properties>
[...]
</properties>
  <testcase name="obtenerProductosPorIds_convierteArrayEnLista" classname="com.pancomido.pancomido.serviceAdministrador.AdminServiceTest" time="1.618"/>
  <testcase name="obtenerProductosPorId_convierteArrayEnLista" classname="com.pancomido.pancomido.serviceAdministrador.AdminServiceTest" time="0.012"/>
  <testcase name="eliminarCliente_delegaEnClienteService" classname="com.pancomido.pancomido.serviceAdministrador.AdminServiceTest" time="0.014"/>
  <testcase name="buscarCliente_delegaEnClienteServiceYRetornaResultado" classname="com.pancomido.pancomido.serviceAdministrador.AdminServiceTest" time="0.039"/>
  <testcase name="listarProductosDisponibles_convierteArrayEnLista" classname="com.pancomido.pancomido.serviceAdministrador.AdminServiceTest" time="0.012"/>
  <testcase name="crearCliente_delegaEnClienteService" classname="com.pancomido.pancomido.serviceAdministrador.AdminServiceTest" time="0.004"/>
</testsuite>